2012-06-03 17:21:23 Warning: Warning (512): <span style="color:Red;text-align:left"><b>SQL Error:</b> 1048: Column 'estimation_amt' cannot be null</span> in [/var/www/myapp/grama/cake/libs/model/datasources/dbo_source.php, line 684]
2012-06-03 17:21:23 Warning: Warning (2): Cannot modify header information - headers already sent by (output started at /var/www/myapp/grama/cake/libs/debugger.php:686) in [/var/www/myapp/grama/cake/libs/controller/controller.php, line 742]
2012-06-03 17:22:14 Warning: Warning (512): <span style="color:Red;text-align:left"><b>SQL Error:</b> 1048: Column 'workdone_amt' cannot be null</span> in [/var/www/myapp/grama/cake/libs/model/datasources/dbo_source.php, line 684]
2012-06-03 17:22:14 Warning: Warning (2): Cannot modify header information - headers already sent by (output started at /var/www/myapp/grama/cake/libs/debugger.php:686) in [/var/www/myapp/grama/cake/libs/controller/controller.php, line 742]
2012-06-03 17:22:28 Warning: Warning (512): <span style="color:Red;text-align:left"><b>SQL Error:</b> 1048: Column 'emd' cannot be null</span> in [/var/www/myapp/grama/cake/libs/model/datasources/dbo_source.php, line 684]
2012-06-03 17:22:28 Warning: Warning (2): Cannot modify header information - headers already sent by (output started at /var/www/myapp/grama/cake/libs/debugger.php:686) in [/var/www/myapp/grama/cake/libs/controller/controller.php, line 742]
2012-06-03 17:22:59 Warning: Warning (2): Cannot modify header information - headers already sent by (output started at /var/www/myapp/grama/cake/libs/debugger.php:686) in [/var/www/myapp/grama/cake/libs/controller/controller.php, line 742]
2012-06-03 17:24:33 Warning: Warning (2): Cannot modify header information - headers already sent by (output started at /var/www/myapp/grama/cake/libs/debugger.php:686) in [/var/www/myapp/grama/cake/libs/controller/controller.php, line 742]
2012-06-03 17:30:23 Warning: Warning (2): Cannot modify header information - headers already sent by (output started at /var/www/myapp/grama/cake/libs/debugger.php:686) in [/var/www/myapp/grama/cake/libs/controller/controller.php, line 742]
2012-06-03 17:31:58 Warning: Warning (2): var_dump() expects at least 1 parameter, 0 given in [/var/www/myapp/grama/app/controllers/expenses_controller.php, line 8]
2012-06-03 17:35:02 Warning: Warning (512): <span style="color:Red;text-align:left"><b>SQL Error:</b> 1048: Column 'workdone_amt' cannot be null</span> in [/var/www/myapp/grama/cake/libs/model/datasources/dbo_source.php, line 684]
2012-06-05 11:56:24 Warning: Warning (2): mysql_connect() [http://php.net/function.mysql-connect]: Access denied for user 'cloudmint'@'localhost' (using password: YES) in [/var/www/grama/cake/libs/model/datasources/dbo/dbo_mysql.php, line 561]
2012-06-05 11:56:24 Warning: Warning (2): mysql_query() expects parameter 2 to be resource, boolean given in [/var/www/grama/cake/libs/model/datasources/dbo/dbo_mysql.php, line 613]
2012-06-07 17:49:08 Warning: Warning (2): mysql_connect() [http://php.net/function.mysql-connect]: Access denied for user 'root'@'localhost' (using password: YES) in [/var/www/sanmugam/panchayat/cake/libs/model/datasources/dbo/dbo_mysql.php, line 561]
2012-06-07 17:49:08 Warning: Warning (2): mysql_query() expects parameter 2 to be resource, boolean given in [/var/www/sanmugam/panchayat/cake/libs/model/datasources/dbo/dbo_mysql.php, line 613]
2012-06-07 17:49:12 Warning: Warning (2): mysql_connect() [http://php.net/function.mysql-connect]: Access denied for user 'root'@'localhost' (using password: YES) in [/var/www/sanmugam/panchayat/cake/libs/model/datasources/dbo/dbo_mysql.php, line 561]
2012-06-07 17:49:12 Warning: Warning (2): mysql_query() expects parameter 2 to be resource, boolean given in [/var/www/sanmugam/panchayat/cake/libs/model/datasources/dbo/dbo_mysql.php, line 613]
2012-06-07 17:49:58 Warning: Warning (2): mysql_connect() [http://php.net/function.mysql-connect]: Access denied for user 'root'@'localhost' (using password: YES) in [/var/www/sanmugam/panchayat/cake/libs/model/datasources/dbo/dbo_mysql.php, line 561]
2012-06-07 17:49:58 Warning: Warning (2): mysql_query() expects parameter 2 to be resource, boolean given in [/var/www/sanmugam/panchayat/cake/libs/model/datasources/dbo/dbo_mysql.php, line 613]
2012-06-07 17:49:59 Warning: Warning (2): mysql_connect() [http://php.net/function.mysql-connect]: Access denied for user 'root'@'localhost' (using password: YES) in [/var/www/sanmugam/panchayat/cake/libs/model/datasources/dbo/dbo_mysql.php, line 561]
2012-06-07 17:49:59 Warning: Warning (2): mysql_query() expects parameter 2 to be resource, boolean given in [/var/www/sanmugam/panchayat/cake/libs/model/datasources/dbo/dbo_mysql.php, line 613]
2012-06-07 17:49:59 Warning: Warning (2): mysql_connect() [http://php.net/function.mysql-connect]: Access denied for user 'root'@'localhost' (using password: YES) in [/var/www/sanmugam/panchayat/cake/libs/model/datasources/dbo/dbo_mysql.php, line 561]
2012-06-07 17:49:59 Warning: Warning (2): mysql_query() expects parameter 2 to be resource, boolean given in [/var/www/sanmugam/panchayat/cake/libs/model/datasources/dbo/dbo_mysql.php, line 613]
